<?xml version="1.0" encoding="UTF-8"?>
<testsuite xmlns:xsi="http://www.w3.org/2001/XMLSchema-instance" xsi:noNamespaceSchemaLocation="https://maven.apache.org/surefire/maven-surefire-plugin/xsd/surefire-test-report.xsd" name="com.heb.trinityseniorsoftware.AppTest" time="0.034" tests="1" errors="0" skipped="0" failures="0">
  <properties>
    <property name="gopherProxySet" value="false"/>
    <property name="awt.toolkit" value="sun.lwawt.macosx.LWCToolkit"/>
    <property name="java.specification.version" value="11"/>
    <property name="sun.cpu.isalist" value=""/>
    <property name="sun.jnu.encoding" value="UTF-8"/>
    <property name="java.class.path" value="/Users/samanthaortiz/Desktop/HEBemails/email-sending-test/target/test-classes:/Users/samanthaortiz/Desktop/HEBemails/email-sending-test/target/classes:/Users/samanthaortiz/.m2/repository/junit/junit/4.11/junit-4.11.jar:/Users/samanthaortiz/.m2/repository/org/hamcrest/hamcrest-core/1.3/hamcrest-core-1.3.jar:/Users/samanthaortiz/.m2/repository/com/google/api-client/google-api-client/1.28.0/google-api-client-1.28.0.jar:/Users/samanthaortiz/.m2/repository/com/google/oauth-client/google-oauth-client/1.28.0/google-oauth-client-1.28.0.jar:/Users/samanthaortiz/.m2/repository/com/google/code/findbugs/jsr305/3.0.2/jsr305-3.0.2.jar:/Users/samanthaortiz/.m2/repository/com/google/http-client/google-http-client-apache/2.0.0/google-http-client-apache-2.0.0.jar:/Users/samanthaortiz/.m2/repository/org/apache/httpcomponents/httpclient/4.5.5/httpclient-4.5.5.jar:/Users/samanthaortiz/.m2/repository/org/apache/httpcomponents/httpcore/4.4.9/httpcore-4.4.9.jar:/Users/samanthaortiz/.m2/repository/commons-logging/commons-logging/1.2/commons-logging-1.2.jar:/Users/samanthaortiz/.m2/repository/commons-codec/commons-codec/1.10/commons-codec-1.10.jar:/Users/samanthaortiz/.m2/repository/com/google/guava/guava/26.0-android/guava-26.0-android.jar:/Users/samanthaortiz/.m2/repository/org/checkerframework/checker-compat-qual/2.5.2/checker-compat-qual-2.5.2.jar:/Users/samanthaortiz/.m2/repository/com/google/errorprone/error_prone_annotations/2.1.3/error_prone_annotations-2.1.3.jar:/Users/samanthaortiz/.m2/repository/com/google/j2objc/j2objc-annotations/1.1/j2objc-annotations-1.1.jar:/Users/samanthaortiz/.m2/repository/org/codehaus/mojo/animal-sniffer-annotations/1.14/animal-sniffer-annotations-1.14.jar:/Users/samanthaortiz/.m2/repository/com/google/oauth-client/google-oauth-client-jetty/1.12.0-beta/google-oauth-client-jetty-1.12.0-beta.jar:/Users/samanthaortiz/.m2/repository/com/google/oauth-client/google-oauth-client-java6/1.12.0-beta/google-oauth-client-java6-1.12.0-beta.jar:/Users/samanthaortiz/.m2/repository/org/mortbay/jetty/jetty/6.1.26/jetty-6.1.26.jar:/Users/samanthaortiz/.m2/repository/org/mortbay/jetty/jetty-util/6.1.26/jetty-util-6.1.26.jar:/Users/samanthaortiz/.m2/repository/org/mortbay/jetty/servlet-api/2.5-20081211/servlet-api-2.5-20081211.jar:/Users/samanthaortiz/.m2/repository/com/google/apis/google-api-services-gmail/v1-rev20190120-1.28.0/google-api-services-gmail-v1-rev20190120-1.28.0.jar:/Users/samanthaortiz/.m2/repository/com/google/api-client/google-api-client-java6/1.12.0-beta/google-api-client-java6-1.12.0-beta.jar:/Users/samanthaortiz/.m2/repository/com/google/http-client/google-http-client-jackson2/1.28.0/google-http-client-jackson2-1.28.0.jar:/Users/samanthaortiz/.m2/repository/com/google/http-client/google-http-client/1.28.0/google-http-client-1.28.0.jar:/Users/samanthaortiz/.m2/repository/io/opencensus/opencensus-api/0.18.0/opencensus-api-0.18.0.jar:/Users/samanthaortiz/.m2/repository/io/grpc/grpc-context/1.14.0/grpc-context-1.14.0.jar:/Users/samanthaortiz/.m2/repository/io/opencensus/opencensus-contrib-http-util/0.18.0/opencensus-contrib-http-util-0.18.0.jar:/Users/samanthaortiz/.m2/repository/com/fasterxml/jackson/core/jackson-core/2.9.6/jackson-core-2.9.6.jar:/Users/samanthaortiz/.m2/repository/javax/mail/mail/1.4/mail-1.4.jar:/Users/samanthaortiz/.m2/repository/javax/activation/activation/1.1/activation-1.1.jar:"/>
    <property name="java.vm.vendor" value="Oracle Corporation"/>
    <property name="sun.arch.data.model" value="64"/>
    <property name="java.vendor.url" value="http://java.oracle.com/"/>
    <property name="user.timezone" value=""/>
    <property name="java.vm.specification.version" value="11"/>
    <property name="os.name" value="Mac OS X"/>
    <property name="sun.java.launcher" value="SUN_STANDARD"/>
    <property name="user.country" value="US"/>
    <property name="sun.boot.library.path" value="/Library/Java/JavaVirtualMachines/jdk-11.0.2.jdk/Contents/Home/lib"/>
    <property name="sun.java.command" value="/Users/samanthaortiz/Desktop/HEBemails/email-sending-test/target/surefire/surefirebooter1576195196098198033.jar /Users/samanthaortiz/Desktop/HEBemails/email-sending-test/target/surefire 2019-02-21T10-22-34_191-jvmRun1 surefire1997962785308542188tmp surefire_06283934052154220503tmp"/>
    <property name="http.nonProxyHosts" value="local|*.local|169.254/16|*.169.254/16"/>
    <property name="jdk.debug" value="release"/>
    <property name="surefire.test.class.path" value="/Users/samanthaortiz/Desktop/HEBemails/email-sending-test/target/test-classes:/Users/samanthaortiz/Desktop/HEBemails/email-sending-test/target/classes:/Users/samanthaortiz/.m2/repository/junit/junit/4.11/junit-4.11.jar:/Users/samanthaortiz/.m2/repository/org/hamcrest/hamcrest-core/1.3/hamcrest-core-1.3.jar:/Users/samanthaortiz/.m2/repository/com/google/api-client/google-api-client/1.28.0/google-api-client-1.28.0.jar:/Users/samanthaortiz/.m2/repository/com/google/oauth-client/google-oauth-client/1.28.0/google-oauth-client-1.28.0.jar:/Users/samanthaortiz/.m2/repository/com/google/code/findbugs/jsr305/3.0.2/jsr305-3.0.2.jar:/Users/samanthaortiz/.m2/repository/com/google/http-client/google-http-client-apache/2.0.0/google-http-client-apache-2.0.0.jar:/Users/samanthaortiz/.m2/repository/org/apache/httpcomponents/httpclient/4.5.5/httpclient-4.5.5.jar:/Users/samanthaortiz/.m2/repository/org/apache/httpcomponents/httpcore/4.4.9/httpcore-4.4.9.jar:/Users/samanthaortiz/.m2/repository/commons-logging/commons-logging/1.2/commons-logging-1.2.jar:/Users/samanthaortiz/.m2/repository/commons-codec/commons-codec/1.10/commons-codec-1.10.jar:/Users/samanthaortiz/.m2/repository/com/google/guava/guava/26.0-android/guava-26.0-android.jar:/Users/samanthaortiz/.m2/repository/org/checkerframework/checker-compat-qual/2.5.2/checker-compat-qual-2.5.2.jar:/Users/samanthaortiz/.m2/repository/com/google/errorprone/error_prone_annotations/2.1.3/error_prone_annotations-2.1.3.jar:/Users/samanthaortiz/.m2/repository/com/google/j2objc/j2objc-annotations/1.1/j2objc-annotations-1.1.jar:/Users/samanthaortiz/.m2/repository/org/codehaus/mojo/animal-sniffer-annotations/1.14/animal-sniffer-annotations-1.14.jar:/Users/samanthaortiz/.m2/repository/com/google/oauth-client/google-oauth-client-jetty/1.12.0-beta/google-oauth-client-jetty-1.12.0-beta.jar:/Users/samanthaortiz/.m2/repository/com/google/oauth-client/google-oauth-client-java6/1.12.0-beta/google-oauth-client-java6-1.12.0-beta.jar:/Users/samanthaortiz/.m2/repository/org/mortbay/jetty/jetty/6.1.26/jetty-6.1.26.jar:/Users/samanthaortiz/.m2/repository/org/mortbay/jetty/jetty-util/6.1.26/jetty-util-6.1.26.jar:/Users/samanthaortiz/.m2/repository/org/mortbay/jetty/servlet-api/2.5-20081211/servlet-api-2.5-20081211.jar:/Users/samanthaortiz/.m2/repository/com/google/apis/google-api-services-gmail/v1-rev20190120-1.28.0/google-api-services-gmail-v1-rev20190120-1.28.0.jar:/Users/samanthaortiz/.m2/repository/com/google/api-client/google-api-client-java6/1.12.0-beta/google-api-client-java6-1.12.0-beta.jar:/Users/samanthaortiz/.m2/repository/com/google/http-client/google-http-client-jackson2/1.28.0/google-http-client-jackson2-1.28.0.jar:/Users/samanthaortiz/.m2/repository/com/google/http-client/google-http-client/1.28.0/google-http-client-1.28.0.jar:/Users/samanthaortiz/.m2/repository/io/opencensus/opencensus-api/0.18.0/opencensus-api-0.18.0.jar:/Users/samanthaortiz/.m2/repository/io/grpc/grpc-context/1.14.0/grpc-context-1.14.0.jar:/Users/samanthaortiz/.m2/repository/io/opencensus/opencensus-contrib-http-util/0.18.0/opencensus-contrib-http-util-0.18.0.jar:/Users/samanthaortiz/.m2/repository/com/fasterxml/jackson/core/jackson-core/2.9.6/jackson-core-2.9.6.jar:/Users/samanthaortiz/.m2/repository/javax/mail/mail/1.4/mail-1.4.jar:/Users/samanthaortiz/.m2/repository/javax/activation/activation/1.1/activation-1.1.jar:"/>
    <property name="sun.cpu.endian" value="little"/>
    <property name="user.home" value="/Users/samanthaortiz"/>
    <property name="user.language" value="en"/>
    <property name="java.specification.vendor" value="Oracle Corporation"/>
    <property name="java.version.date" value="2019-01-15"/>
    <property name="java.home" value="/Library/Java/JavaVirtualMachines/jdk-11.0.2.jdk/Contents/Home"/>
    <property name="file.separator" value="/"/>
    <property name="basedir" value="/Users/samanthaortiz/Desktop/HEBemails/email-sending-test"/>
    <property name="java.vm.compressedOopsMode" value="Zero based"/>
    <property name="line.separator" value="&#10;"/>
    <property name="java.specification.name" value="Java Platform API Specification"/>
    <property name="java.vm.specification.vendor" value="Oracle Corporation"/>
    <property name="java.awt.graphicsenv" value="sun.awt.CGraphicsEnvironment"/>
    <property name="surefire.real.class.path" value="/Users/samanthaortiz/Desktop/HEBemails/email-sending-test/target/surefire/surefirebooter1576195196098198033.jar"/>
    <property name="sun.management.compiler" value="HotSpot 64-Bit Tiered Compilers"/>
    <property name="ftp.nonProxyHosts" value="local|*.local|169.254/16|*.169.254/16"/>
    <property name="java.runtime.version" value="11.0.2+9"/>
    <property name="user.name" value="samanthaortiz"/>
    <property name="path.separator" value=":"/>
    <property name="os.version" value="10.14.3"/>
    <property name="java.runtime.name" value="OpenJDK Runtime Environment"/>
    <property name="file.encoding" value="UTF-8"/>
    <property name="java.vm.name" value="OpenJDK 64-Bit Server VM"/>
    <property name="java.vendor.version" value="18.9"/>
    <property name="localRepository" value="/Users/samanthaortiz/.m2/repository"/>
    <property name="java.vendor.url.bug" value="http://bugreport.java.com/bugreport/"/>
    <property name="java.io.tmpdir" value="/var/folders/mc/jb540nnj29v850hxxb8db9qc0000gn/T/"/>
    <property name="java.version" value="11.0.2"/>
    <property name="user.dir" value="/Users/samanthaortiz/Desktop/HEBemails/email-sending-test"/>
    <property name="os.arch" value="x86_64"/>
    <property name="java.vm.specification.name" value="Java Virtual Machine Specification"/>
    <property name="java.awt.printerjob" value="sun.lwawt.macosx.CPrinterJob"/>
    <property name="sun.os.patch.level" value="unknown"/>
    <property name="java.library.path" value="/Users/samanthaortiz/Library/Java/Extensions:/Library/Java/Extensions:/Network/Library/Java/Extensions:/System/Library/Java/Extensions:/usr/lib/java:."/>
    <property name="java.vendor" value="Oracle Corporation"/>
    <property name="java.vm.info" value="mixed mode"/>
    <property name="java.vm.version" value="11.0.2+9"/>
    <property name="sun.io.unicode.encoding" value="UnicodeBig"/>
    <property name="java.class.version" value="55.0"/>
    <property name="socksNonProxyHosts" value="local|*.local|169.254/16|*.169.254/16"/>
  </properties>
  <testcase name="shouldAnswerWithTrue" classname="com.heb.trinityseniorsoftware.AppTest" time="0.002"/>
</testsuite>